Classic Timing Analyzer report for counter
Thu Nov 19 11:45:37 2020
Quartus II Version 8.1 Build 163 10/28/2008 SJ Web Edition


---------------------
; Table of Contents ;
---------------------
  1. Legal Notice
  2. Timing Analyzer Summary
  3. Timing Analyzer Settings
  4. Clock Settings Summary
  5. Clock Setup: 'clk'
  6. tsu
  7. tco
  8. th
  9. Timing Analyzer Messages



----------------
; Legal Notice ;
----------------
Copyright (C) 1991-2008 Altera Corporation
Your use of Altera Corporation's design tools, logic functions 
and other software and tools, and its AMPP partner logic 
functions, and any output files from any of the foregoing 
(including device programming or simulation files), and any 
associated documentation or information are expressly subject 
to the terms and conditions of the Altera Program License 
Subscription Agreement, Altera MegaCore Function License 
Agreement, or other applicable license agreement, including, 
without limitation, that your use is for the sole purpose of 
programming logic devices manufactured by Altera and sold by 
Altera or its authorized distributors.  Please refer to the 
applicable agreement for further details.



+----------------------------------------------------------------------------------------------------------------------------------------------------------------------------------------+
; Timing Analyzer Summary                                                                                                                                                                ;
+------------------------------+-------+---------------+------------------------------------------------+--------------------+--------------------+------------+----------+--------------+
; Type                         ; Slack ; Required Time ; Actual Time                                    ; From               ; To                 ; From Clock ; To Clock ; Failed Paths ;
+------------------------------+-------+---------------+------------------------------------------------+--------------------+--------------------+------------+----------+--------------+
; Worst-case tsu               ; N/A   ; None          ; 2.994 ns                                       ; E                  ; Q[0]~reg0DUPLICATE ; --         ; clk      ; 0            ;
; Worst-case tco               ; N/A   ; None          ; 6.670 ns                                       ; Q[2]~reg0DUPLICATE ; Q[2]               ; clk        ; --       ; 0            ;
; Worst-case th                ; N/A   ; None          ; -2.658 ns                                      ; E                  ; Q[1]~reg0          ; --         ; clk      ; 0            ;
; Clock Setup: 'clk'           ; N/A   ; None          ; Restricted to 500.00 MHz ( period = 2.000 ns ) ; Q[0]~reg0          ; Q[2]~reg0DUPLICATE ; clk        ; clk      ; 0            ;
; Total number of failed paths ;       ;               ;                                                ;                    ;                    ;            ;          ; 0            ;
+------------------------------+-------+---------------+------------------------------------------------+--------------------+--------------------+------------+----------+--------------+


+--------------------------------------------------------------------------------------------------------------------+
; Timing Analyzer Settings                                                                                           ;
+---------------------------------------------------------------------+--------------------+------+----+-------------+
; Option                                                              ; Setting            ; From ; To ; Entity Name ;
+---------------------------------------------------------------------+--------------------+------+----+-------------+
; Device Name                                                         ; EP2S15F484C3       ;      ;    ;             ;
; Timing Models                                                       ; Final              ;      ;    ;             ;
; Default hold multicycle                                             ; Same as Multicycle ;      ;    ;             ;
; Cut paths between unrelated clock domains                           ; On                 ;      ;    ;             ;
; Cut off read during write signal paths                              ; On                 ;      ;    ;             ;
; Cut off feedback from I/O pins                                      ; On                 ;      ;    ;             ;
; Report Combined Fast/Slow Timing                                    ; Off                ;      ;    ;             ;
; Ignore Clock Settings                                               ; Off                ;      ;    ;             ;
; Analyze latches as synchronous elements                             ; On                 ;      ;    ;             ;
; Enable Recovery/Removal analysis                                    ; Off                ;      ;    ;             ;
; Enable Clock Latency                                                ; Off                ;      ;    ;             ;
; Use TimeQuest Timing Analyzer                                       ; Off                ;      ;    ;             ;
; Number of source nodes to report per destination node               ; 10                 ;      ;    ;             ;
; Number of destination nodes to report                               ; 10                 ;      ;    ;             ;
; Number of paths to report                                           ; 200                ;      ;    ;             ;
; Report Minimum Timing Checks                                        ; Off                ;      ;    ;             ;
; Use Fast Timing Models                                              ; Off                ;      ;    ;             ;
; Report IO Paths Separately                                          ; Off                ;      ;    ;             ;
; Perform Multicorner Analysis                                        ; On                 ;      ;    ;             ;
; Reports the worst-case path for each clock domain and analysis      ; Off                ;      ;    ;             ;
; Removes common clock path pessimism (CCPP) during slack computation ; Off                ;      ;    ;             ;
; Output I/O Timing Endpoint                                          ; Near End           ;      ;    ;             ;
+---------------------------------------------------------------------+--------------------+------+----+-------------+


+------------------------------------------------------------------------------------------------------------------------------------------------------------------------------------+
; Clock Settings Summary                                                                                                                                                             ;
+-----------------+--------------------+----------+------------------+---------------+--------------+----------+-----------------------+---------------------+--------+--------------+
; Clock Node Name ; Clock Setting Name ; Type     ; Fmax Requirement ; Early Latency ; Late Latency ; Based on ; Multiply Base Fmax by ; Divide Base Fmax by ; Offset ; Phase offset ;
+-----------------+--------------------+----------+------------------+---------------+--------------+----------+-----------------------+---------------------+--------+--------------+
; clk             ;                    ; User Pin ; None             ; 0.000 ns      ; 0.000 ns     ; --       ; N/A                   ; N/A                 ; N/A    ;              ;
+-----------------+--------------------+----------+------------------+---------------+--------------+----------+-----------------------+---------------------+--------+--------------+


+--------------------------------------------------------------------------------------------------------------------------------------------------------------------------------------------------------------+
; Clock Setup: 'clk'                                                                                                                                                                                           ;
+-------+------------------------------------------------+--------------------+--------------------+------------+----------+-----------------------------+---------------------------+-------------------------+
; Slack ; Actual fmax (period)                           ; From               ; To                 ; From Clock ; To Clock ; Required Setup Relationship ; Required Longest P2P Time ; Actual Longest P2P Time ;
+-------+------------------------------------------------+--------------------+--------------------+------------+----------+-----------------------------+---------------------------+-------------------------+
; N/A   ; Restricted to 500.00 MHz ( period = 2.000 ns ) ; Q[0]~reg0          ; Q[2]~reg0          ; clk        ; clk      ; None                        ; None                      ; 0.684 ns                ;
; N/A   ; Restricted to 500.00 MHz ( period = 2.000 ns ) ; Q[0]~reg0          ; Q[2]~reg0DUPLICATE ; clk        ; clk      ; None                        ; None                      ; 0.684 ns                ;
; N/A   ; Restricted to 500.00 MHz ( period = 2.000 ns ) ; Q[0]~reg0DUPLICATE ; Q[3]~reg0          ; clk        ; clk      ; None                        ; None                      ; 0.670 ns                ;
; N/A   ; Restricted to 500.00 MHz ( period = 2.000 ns ) ; Q[2]~reg0          ; Q[3]~reg0          ; clk        ; clk      ; None                        ; None                      ; 0.663 ns                ;
; N/A   ; Restricted to 500.00 MHz ( period = 2.000 ns ) ; Q[1]~reg0          ; Q[2]~reg0          ; clk        ; clk      ; None                        ; None                      ; 0.439 ns                ;
; N/A   ; Restricted to 500.00 MHz ( period = 2.000 ns ) ; Q[1]~reg0          ; Q[2]~reg0DUPLICATE ; clk        ; clk      ; None                        ; None                      ; 0.438 ns                ;
; N/A   ; Restricted to 500.00 MHz ( period = 2.000 ns ) ; Q[1]~reg0          ; Q[3]~reg0          ; clk        ; clk      ; None                        ; None                      ; 0.437 ns                ;
; N/A   ; Restricted to 500.00 MHz ( period = 2.000 ns ) ; Q[0]~reg0          ; Q[1]~reg0          ; clk        ; clk      ; None                        ; None                      ; 0.426 ns                ;
; N/A   ; Restricted to 500.00 MHz ( period = 2.000 ns ) ; Q[0]~reg0          ; Q[0]~reg0          ; clk        ; clk      ; None                        ; None                      ; 0.396 ns                ;
; N/A   ; Restricted to 500.00 MHz ( period = 2.000 ns ) ; Q[1]~reg0          ; Q[1]~reg0          ; clk        ; clk      ; None                        ; None                      ; 0.396 ns                ;
; N/A   ; Restricted to 500.00 MHz ( period = 2.000 ns ) ; Q[2]~reg0          ; Q[2]~reg0          ; clk        ; clk      ; None                        ; None                      ; 0.396 ns                ;
; N/A   ; Restricted to 500.00 MHz ( period = 2.000 ns ) ; Q[3]~reg0          ; Q[3]~reg0          ; clk        ; clk      ; None                        ; None                      ; 0.396 ns                ;
; N/A   ; Restricted to 500.00 MHz ( period = 2.000 ns ) ; Q[0]~reg0DUPLICATE ; Q[0]~reg0DUPLICATE ; clk        ; clk      ; None                        ; None                      ; 0.396 ns                ;
; N/A   ; Restricted to 500.00 MHz ( period = 2.000 ns ) ; Q[2]~reg0DUPLICATE ; Q[2]~reg0DUPLICATE ; clk        ; clk      ; None                        ; None                      ; 0.396 ns                ;
+-------+------------------------------------------------+--------------------+--------------------+------------+----------+-----------------------------+---------------------------+-------------------------+


+--------------------------------------------------------------------------+
; tsu                                                                      ;
+-------+--------------+------------+------+--------------------+----------+
; Slack ; Required tsu ; Actual tsu ; From ; To                 ; To Clock ;
+-------+--------------+------------+------+--------------------+----------+
; N/A   ; None         ; 2.994 ns   ; E    ; Q[0]~reg0          ; clk      ;
; N/A   ; None         ; 2.994 ns   ; E    ; Q[0]~reg0DUPLICATE ; clk      ;
; N/A   ; None         ; 2.989 ns   ; E    ; Q[3]~reg0          ; clk      ;
; N/A   ; None         ; 2.987 ns   ; E    ; Q[2]~reg0          ; clk      ;
; N/A   ; None         ; 2.987 ns   ; E    ; Q[2]~reg0DUPLICATE ; clk      ;
; N/A   ; None         ; 2.897 ns   ; E    ; Q[1]~reg0          ; clk      ;
+-------+--------------+------------+------+--------------------+----------+


+----------------------------------------------------------------------------+
; tco                                                                        ;
+-------+--------------+------------+--------------------+------+------------+
; Slack ; Required tco ; Actual tco ; From               ; To   ; From Clock ;
+-------+--------------+------------+--------------------+------+------------+
; N/A   ; None         ; 6.670 ns   ; Q[2]~reg0DUPLICATE ; Q[2] ; clk        ;
; N/A   ; None         ; 5.369 ns   ; Q[1]~reg0          ; Q[1] ; clk        ;
; N/A   ; None         ; 5.159 ns   ; Q[3]~reg0          ; Q[3] ; clk        ;
; N/A   ; None         ; 5.156 ns   ; Q[0]~reg0          ; Q[0] ; clk        ;
+-------+--------------+------------+--------------------+------+------------+


+--------------------------------------------------------------------------------+
; th                                                                             ;
+---------------+-------------+-----------+------+--------------------+----------+
; Minimum Slack ; Required th ; Actual th ; From ; To                 ; To Clock ;
+---------------+-------------+-----------+------+--------------------+----------+
; N/A           ; None        ; -2.658 ns ; E    ; Q[1]~reg0          ; clk      ;
; N/A           ; None        ; -2.748 ns ; E    ; Q[2]~reg0          ; clk      ;
; N/A           ; None        ; -2.748 ns ; E    ; Q[2]~reg0DUPLICATE ; clk      ;
; N/A           ; None        ; -2.750 ns ; E    ; Q[3]~reg0          ; clk      ;
; N/A           ; None        ; -2.755 ns ; E    ; Q[0]~reg0          ; clk      ;
; N/A           ; None        ; -2.755 ns ; E    ; Q[0]~reg0DUPLICATE ; clk      ;
+---------------+-------------+-----------+------+--------------------+----------+


+--------------------------+
; Timing Analyzer Messages ;
+--------------------------+
Info: *******************************************************************
Info: Running Quartus II Classic Timing Analyzer
    Info: Version 8.1 Build 163 10/28/2008 SJ Web Edition
    Info: Processing started: Thu Nov 19 11:45:36 2020
Info: Command: quartus_tan --read_settings_files=off --write_settings_files=off counter -c counter --timing_analysis_only
Warning: Found pins functioning as undefined clocks and/or memory enables
    Info: Assuming node "clk" is an undefined clock
Info: Clock "clk" Internal fmax is restricted to 500.0 MHz between source register "Q[0]~reg0" and destination register "Q[2]~reg0"
    Info: fmax restricted to clock pin edge rate 2.0 ns. Expand message to see actual delay path.
        Info: + Longest register to register delay is 0.684 ns
            Info: 1: + IC(0.000 ns) + CELL(0.000 ns) = 0.000 ns; Loc. = LCFF_X10_Y4_N1; Fanout = 5; REG Node = 'Q[0]~reg0'
            Info: 2: + IC(0.257 ns) + CELL(0.272 ns) = 0.529 ns; Loc. = LCCOMB_X10_Y4_N24; Fanout = 1; COMB Node = 'Q~115'
            Info: 3: + IC(0.000 ns) + CELL(0.155 ns) = 0.684 ns; Loc. = LCFF_X10_Y4_N25; Fanout = 2; REG Node = 'Q[2]~reg0'
            Info: Total cell delay = 0.427 ns ( 62.43 % )
            Info: Total interconnect delay = 0.257 ns ( 37.57 % )
        Info: - Smallest clock skew is 0.000 ns
            Info: + Shortest clock path from clock "clk" to destination register is 2.491 ns
                Info: 1: + IC(0.000 ns) + CELL(0.854 ns) = 0.854 ns; Loc. = PIN_N20; Fanout = 1; CLK Node = 'clk'
                Info: 2: + IC(0.343 ns) + CELL(0.000 ns) = 1.197 ns; Loc. = CLKCTRL_G3; Fanout = 6; COMB Node = 'clk~clkctrl'
                Info: 3: + IC(0.676 ns) + CELL(0.618 ns) = 2.491 ns; Loc. = LCFF_X10_Y4_N25; Fanout = 2; REG Node = 'Q[2]~reg0'
                Info: Total cell delay = 1.472 ns ( 59.09 % )
                Info: Total interconnect delay = 1.019 ns ( 40.91 % )
            Info: - Longest clock path from clock "clk" to source register is 2.491 ns
                Info: 1: + IC(0.000 ns) + CELL(0.854 ns) = 0.854 ns; Loc. = PIN_N20; Fanout = 1; CLK Node = 'clk'
                Info: 2: + IC(0.343 ns) + CELL(0.000 ns) = 1.197 ns; Loc. = CLKCTRL_G3; Fanout = 6; COMB Node = 'clk~clkctrl'
                Info: 3: + IC(0.676 ns) + CELL(0.618 ns) = 2.491 ns; Loc. = LCFF_X10_Y4_N1; Fanout = 5; REG Node = 'Q[0]~reg0'
                Info: Total cell delay = 1.472 ns ( 59.09 % )
                Info: Total interconnect delay = 1.019 ns ( 40.91 % )
        Info: + Micro clock to output delay of source is 0.094 ns
        Info: + Micro setup delay of destination is 0.090 ns
Info: tsu for register "Q[0]~reg0" (data pin = "E", clock pin = "clk") is 2.994 ns
    Info: + Longest pin to register delay is 5.395 ns
        Info: 1: + IC(0.000 ns) + CELL(0.830 ns) = 0.830 ns; Loc. = PIN_T22; Fanout = 6; PIN Node = 'E'
        Info: 2: + IC(4.053 ns) + CELL(0.357 ns) = 5.240 ns; Loc. = LCCOMB_X10_Y4_N0; Fanout = 1; COMB Node = 'Q~113'
        Info: 3: + IC(0.000 ns) + CELL(0.155 ns) = 5.395 ns; Loc. = LCFF_X10_Y4_N1; Fanout = 5; REG Node = 'Q[0]~reg0'
        Info: Total cell delay = 1.342 ns ( 24.87 % )
        Info: Total interconnect delay = 4.053 ns ( 75.13 % )
    Info: + Micro setup delay of destination is 0.090 ns
    Info: - Shortest clock path from clock "clk" to destination register is 2.491 ns
        Info: 1: + IC(0.000 ns) + CELL(0.854 ns) = 0.854 ns; Loc. = PIN_N20; Fanout = 1; CLK Node = 'clk'
        Info: 2: + IC(0.343 ns) + CELL(0.000 ns) = 1.197 ns; Loc. = CLKCTRL_G3; Fanout = 6; COMB Node = 'clk~clkctrl'
        Info: 3: + IC(0.676 ns) + CELL(0.618 ns) = 2.491 ns; Loc. = LCFF_X10_Y4_N1; Fanout = 5; REG Node = 'Q[0]~reg0'
        Info: Total cell delay = 1.472 ns ( 59.09 % )
        Info: Total interconnect delay = 1.019 ns ( 40.91 % )
Info: tco from clock "clk" to destination pin "Q[2]" through register "Q[2]~reg0DUPLICATE" is 6.670 ns
    Info: + Longest clock path from clock "clk" to source register is 2.491 ns
        Info: 1: + IC(0.000 ns) + CELL(0.854 ns) = 0.854 ns; Loc. = PIN_N20; Fanout = 1; CLK Node = 'clk'
        Info: 2: + IC(0.343 ns) + CELL(0.000 ns) = 1.197 ns; Loc. = CLKCTRL_G3; Fanout = 6; COMB Node = 'clk~clkctrl'
        Info: 3: + IC(0.676 ns) + CELL(0.618 ns) = 2.491 ns; Loc. = LCFF_X10_Y4_N27; Fanout = 2; REG Node = 'Q[2]~reg0DUPLICATE'
        Info: Total cell delay = 1.472 ns ( 59.09 % )
        Info: Total interconnect delay = 1.019 ns ( 40.91 % )
    Info: + Micro clock to output delay of source is 0.094 ns
    Info: + Longest register to pin delay is 4.085 ns
        Info: 1: + IC(0.000 ns) + CELL(0.000 ns) = 0.000 ns; Loc. = LCFF_X10_Y4_N27; Fanout = 2; REG Node = 'Q[2]~reg0DUPLICATE'
        Info: 2: + IC(2.083 ns) + CELL(2.002 ns) = 4.085 ns; Loc. = PIN_A18; Fanout = 0; PIN Node = 'Q[2]'
        Info: Total cell delay = 2.002 ns ( 49.01 % )
        Info: Total interconnect delay = 2.083 ns ( 50.99 % )
Info: th for register "Q[1]~reg0" (data pin = "E", clock pin = "clk") is -2.658 ns
    Info: + Longest clock path from clock "clk" to destination register is 2.491 ns
        Info: 1: + IC(0.000 ns) + CELL(0.854 ns) = 0.854 ns; Loc. = PIN_N20; Fanout = 1; CLK Node = 'clk'
        Info: 2: + IC(0.343 ns) + CELL(0.000 ns) = 1.197 ns; Loc. = CLKCTRL_G3; Fanout = 6; COMB Node = 'clk~clkctrl'
        Info: 3: + IC(0.676 ns) + CELL(0.618 ns) = 2.491 ns; Loc. = LCFF_X10_Y4_N5; Fanout = 5; REG Node = 'Q[1]~reg0'
        Info: Total cell delay = 1.472 ns ( 59.09 % )
        Info: Total interconnect delay = 1.019 ns ( 40.91 % )
    Info: + Micro hold delay of destination is 0.149 ns
    Info: - Shortest pin to register delay is 5.298 ns
        Info: 1: + IC(0.000 ns) + CELL(0.830 ns) = 0.830 ns; Loc. = PIN_T22; Fanout = 6; PIN Node = 'E'
        Info: 2: + IC(4.041 ns) + CELL(0.272 ns) = 5.143 ns; Loc. = LCCOMB_X10_Y4_N4; Fanout = 1; COMB Node = 'Q~114'
        Info: 3: + IC(0.000 ns) + CELL(0.155 ns) = 5.298 ns; Loc. = LCFF_X10_Y4_N5; Fanout = 5; REG Node = 'Q[1]~reg0'
        Info: Total cell delay = 1.257 ns ( 23.73 % )
        Info: Total interconnect delay = 4.041 ns ( 76.27 % )
Info: Quartus II Classic Timing Analyzer was successful. 0 errors, 1 warning
    Info: Peak virtual memory: 201 megabytes
    Info: Processing ended: Thu Nov 19 11:45:37 2020
    Info: Elapsed time: 00:00:01
    Info: Total CPU time (on all processors): 00:00:00


